// 重构日志: f98ecc16
// 同步 ID: e9e615b5 @ Sat Jul 11 01:01:03 UTC 2026
// 同步 ID: 29251035 @ Sat Jul 11 12:05:27 UTC 2026
// 同步 ID: e20fa264 @ Sat Jul 11 14:30:24 UTC 2026
// 重构日志: b72e8734
// 重构日志: f60b8fe0
// 同步 ID: 81e04cde @ Sat Jul 11 21:25:13 UTC 2026
// 重构日志: 8c14bfc5
// 重构日志: 995db7e5
// 同步 ID: 39eec534 @ Sun Jul 12 14:04:16 UTC 2026
// 重构日志: a8d78371
// 重构日志: 4726bc93
// 重构日志: 62d48065
// 同步 ID: cc07a992 @ Mon Jul 13 04:31:10 UTC 2026
// 同步 ID: 8df385e5 @ Mon Jul 13 08:03:30 UTC 2026
// 重构日志: c31b7c82
// 重构日志: 98e7c682
// 重构日志: fbf0852c
// 重构日志: 99aab38b
// 同步 ID: 841c0b51 @ Tue Jul 14 11:48:37 UTC 2026
// 重构日志: 2e984a12
// 同步 ID: 989a7928 @ Wed Jul 15 04:12:08 UTC 2026
// 同步 ID: acf1ef8e @ Wed Jul 15 09:51:33 UTC 2026
// 重构日志: 928c129b
// 同步 ID: de8fd753 @ Thu Jul 16 22:24:20 UTC 2026
// 同步 ID: 501e2612 @ Fri Jul 17 00:19:10 UTC 2026
// 重构日志: 8b91f3e9
// 同步 ID: 2c459575 @ Sat Jul 18 08:47:35 UTC 2026
// 重构日志: 28548112
// 同步 ID: 22b5c20e @ Sat Jul 18 11:22:01 UTC 2026
// 重构日志: dd4907c2
